/*---------------------------------------------------------------------------*\
| =========                 |                                                 |
| \\      /  F ield         | OpenFOAM: The Open Source CFD Toolbox           |
|  \\    /   O peration     | Version:  2.3.0                                 |
|   \\  /    A nd           | Web:      www.OpenFOAM.org                      |
|    \\/     M anipulation  |                                                 |
\*---------------------------------------------------------------------------*/
Build  : 2.3.0-f5222ca19ce6
Exec   : checkMesh
Date   : May 09 2014
Time   : 13:15:18
Host   : "Alfonsos-MacBook-Pro.local"
PID    : 71514
Case   : /Users/fonso/C++/GAero/GAero/OF/tempCas4202Spline
nProcs : 1
sigFpe : Enabling floating point exception trapping (FOAM_SIGFPE).
fileModificationChecking : Monitoring run-time modified files using timeStampMaster
allowSystemOperations : Disallowing user-supplied system call operations

// * * * * * * * * * * * * * * * * * * * * * * * * * * * * * * * * * * * * * //
Create time

Create polyMesh for time = 0

Time = 0

Mesh stats
    points:           57800
    internal points:  0
    faces:            114556
    internal faces:   56756
    cells:            28552
    faces per cell:   6
    boundary patches: 5
    point zones:      0
    face zones:       0
    cell zones:       0

Overall number of cells of each type:
    hexahedra:     28552
    prisms:        0
    wedges:        0
    pyramids:      0
    tet wedges:    0
    tetrahedra:    0
    polyhedra:     0

Checking topology...
    Boundary definition OK.
    Cell to face addressing OK.
    Point usage OK.
    Upper triangular ordering OK.
    Face vertices OK.
    Number of regions: 1 (OK).

Checking patch topology for multiply connected surfaces...
    Patch               Faces    Points   Surface topology                  
    PROFILE             186      372      ok (non-closed singly connected)  
    INLET               344      690      ok (non-closed singly connected)  
    OUTLET              166      334      ok (non-closed singly connected)  
    EMPTY0              28552    28900    ok (non-closed singly connected)  
    EMPTY1              28552    28900    ok (non-closed singly connected)  

Checking geometry...
    Overall domain bounding box (-28.9963 -1 -29.8541) (40 0 29.8389)
    Mesh (non-empty, non-wedge) directions (1 0 1)
    Mesh (non-empty) directions (1 0 1)
    All edges aligned with or perpendicular to non-empty directions.
    Boundary openness (-6.24993e-19 -5.13415e-16 9.24845e-19) OK.
    Max cell openness = 4.22193e-16 OK.
    Max aspect ratio = 52.1705 OK.
    Minimum face area = 1.17727e-06. Maximum face area = 1.0615.  Face area magnitudes OK.
    Min volume = 1.17727e-06. Max volume = 0.777255.  Total volume = 3724.65.  Cell volumes OK.
    Mesh non-orthogonality Max: 82.2215 average: 17.3469
   *Number of severely non-orthogonal (> 70 degrees) faces: 237.
    Non-orthogonality check OK.
  <<Writing 237 non-orthogonal faces to set nonOrthoFaces
    Face pyramids OK.
 ***Max skewness = 5.04645, 2 highly skew faces detected which may impair the quality of the results
  <<Writing 2 skew faces to set skewFaces
    Coupled point location match (average 0) OK.

Failed 1 mesh checks.

End

